d:\webdeve\c++\student_management_system\student_management_system\x64\debug\vc143.pdb
d:\webdeve\c++\student_management_system\student_management_system\x64\debug\vc143.idb
d:\webdeve\c++\student_management_system\student_management_system\x64\debug\student.obj
d:\webdeve\c++\student_management_system\student_management_system\x64\debug\main.obj
d:\webdeve\c++\student_management_system\student_management_system\x64\debug\student_management_system.ilk
d:\webdeve\c++\student_management_system\student_management_system\x64\debug\student_management_system.pdb
d:\webdeve\c++\student_management_system\x64\debug\student_management_system.pdb
d:\webdeve\c++\student_management_system\student_management_system\x64\debug\student_.b010624b.tlog\cl.command.1.tlog
d:\webdeve\c++\student_management_system\student_management_system\x64\debug\student_.b010624b.tlog\cl.items.tlog
d:\webdeve\c++\student_management_system\student_management_system\x64\debug\student_.b010624b.tlog\cl.read.1.tlog
d:\webdeve\c++\student_management_system\student_management_system\x64\debug\student_.b010624b.tlog\cl.write.1.tlog
d:\webdeve\c++\student_management_system\student_management_system\x64\debug\student_.b010624b.tlog\link.19976-cvtres.read.1.tlog
d:\webdeve\c++\student_management_system\student_management_system\x64\debug\student_.b010624b.tlog\link.19976-cvtres.write.1.tlog
d:\webdeve\c++\student_management_system\student_management_system\x64\debug\student_.b010624b.tlog\link.19976-rc.read.1.tlog
d:\webdeve\c++\student_management_system\student_management_system\x64\debug\student_.b010624b.tlog\link.19976-rc.write.1.tlog
d:\webdeve\c++\student_management_system\student_management_system\x64\debug\student_.b010624b.tlog\link.19976.read.1.tlog
d:\webdeve\c++\student_management_system\student_management_system\x64\debug\student_.b010624b.tlog\link.19976.read.2.tlog
d:\webdeve\c++\student_management_system\student_management_system\x64\debug\student_.b010624b.tlog\link.19976.write.1.tlog
d:\webdeve\c++\student_management_system\student_management_system\x64\debug\student_.b010624b.tlog\link.command.1.tlog
d:\webdeve\c++\student_management_system\student_management_system\x64\debug\student_.b010624b.tlog\link.read.1.tlog
d:\webdeve\c++\student_management_system\student_management_system\x64\debug\student_.b010624b.tlog\link.secondary.1.tlog
d:\webdeve\c++\student_management_system\student_management_system\x64\debug\student_.b010624b.tlog\link.write.1.tlog
